{'dataset': {'name': 'SemanticKitti', 'version': None, 'path': '/home/data/SemanticKitti', 'rotate_aug': True, 'flip_aug': True, 'max_volume_space': [50, 3.1415926, 3], 'min_volume_space': [0, -3.1415926, -5], 'gt_generator': {'sigma': 5}, 'grid_size': [480, 360, 32], 'inst_aug': {'if_use': True, 'aug_type': 'contmix', 'inst_pkl_path': '/home/data/SemanticKitti/instance_path.pkl', 'inst_trans': True, 'inst_rotate': True, 'inst_flip': True, 'inst_add': True}, 'num_worker': 12, 'min_points': 15}, 'model': {'pix_fusion': True, 'pix_fusion_path': 'checkpoints/resnet18-5c106cde.pth', 'use_sara': True, 'use_att': False, 'use_cont': False, 'model_load_path': 'kitti_ckpts', 'model_save_path': 'kitti_ckpts', 'train_batch_size': 4, 'val_batch_size': 4, 'learning_rate': 0.004, 'LR_MILESTONES': [40, 60, 90], 'LR_GAMMA': 0.5, 'check_iter': 4000, 'max_epoch': 0, 'post_proc': {'threshold': 0.1, 'nms_kernel': 5, 'top_k': 100}, 'center_loss': 'MSE', 'offset_loss': 'L1', 'center_loss_weight': 100, 'offset_loss_weight': 10}}
epoch: 0   lr: 0.00400

{'dataset': {'name': 'SemanticKitti', 'version': None, 'path': '/home/data/SemanticKitti', 'rotate_aug': True, 'flip_aug': True, 'max_volume_space': [50, 3.1415926, 3], 'min_volume_space': [0, -3.1415926, -5], 'gt_generator': {'sigma': 5}, 'grid_size': [480, 360, 32], 'inst_aug': {'if_use': True, 'aug_type': 'contmix', 'inst_pkl_path': '/home/data/SemanticKitti/instance_path.pkl', 'inst_trans': True, 'inst_rotate': True, 'inst_flip': True, 'inst_add': True}, 'num_worker': 12, 'min_points': 15}, 'model': {'pix_fusion': True, 'pix_fusion_path': 'checkpoints/resnet18-5c106cde.pth', 'use_sara': True, 'use_att': False, 'use_cont': False, 'model_load_path': 'kitti_ckpts', 'model_save_path': 'kitti_ckpts', 'train_batch_size': 4, 'val_batch_size': 4, 'learning_rate': 0.004, 'LR_MILESTONES': [40, 60, 90], 'LR_GAMMA': 0.5, 'check_iter': 4000, 'max_epoch': 0, 'post_proc': {'threshold': 0.1, 'nms_kernel': 5, 'top_k': 100}, 'center_loss': 'MSE', 'offset_loss': 'L1', 'center_loss_weight': 100, 'offset_loss_weight': 10}}
epoch: 0   lr: 0.00400

{'dataset': {'name': 'SemanticKitti', 'version': None, 'path': '/home/data/SemanticKitti', 'rotate_aug': True, 'flip_aug': True, 'max_volume_space': [50, 3.1415926, 3], 'min_volume_space': [0, -3.1415926, -5], 'gt_generator': {'sigma': 5}, 'grid_size': [480, 360, 32], 'inst_aug': {'if_use': True, 'aug_type': 'contmix', 'inst_pkl_path': '/home/data/SemanticKitti/instance_path.pkl', 'inst_trans': True, 'inst_rotate': True, 'inst_flip': True, 'inst_add': True}, 'num_worker': 12, 'min_points': 15}, 'model': {'pix_fusion': True, 'pix_fusion_path': 'checkpoints/resnet18-5c106cde.pth', 'use_sara': True, 'use_att': False, 'use_cont': False, 'model_load_path': 'kitti_ckpts', 'model_save_path': 'kitti_ckpts', 'train_batch_size': 4, 'val_batch_size': 4, 'learning_rate': 0.004, 'LR_MILESTONES': [40, 60, 90], 'LR_GAMMA': 0.5, 'check_iter': 4000, 'max_epoch': 0, 'post_proc': {'threshold': 0.1, 'nms_kernel': 5, 'top_k': 100}, 'center_loss': 'MSE', 'offset_loss': 'L1', 'center_loss_weight': 100, 'offset_loss_weight': 10}}
epoch: 0   lr: 0.00400

{'dataset': {'name': 'SemanticKitti', 'version': None, 'path': '/home/data/SemanticKitti', 'rotate_aug': True, 'flip_aug': True, 'max_volume_space': [50, 3.1415926, 3], 'min_volume_space': [0, -3.1415926, -5], 'gt_generator': {'sigma': 5}, 'grid_size': [480, 360, 32], 'inst_aug': {'if_use': True, 'aug_type': 'contmix', 'inst_pkl_path': '/home/data/SemanticKitti/instance_path.pkl', 'inst_trans': True, 'inst_rotate': True, 'inst_flip': True, 'inst_add': True}, 'num_worker': 12, 'min_points': 15}, 'model': {'pix_fusion': True, 'pix_fusion_path': 'checkpoints/resnet18-5c106cde.pth', 'use_sara': True, 'use_att': False, 'use_cont': False, 'model_load_path': 'kitti_ckpts', 'model_save_path': 'kitti_ckpts', 'train_batch_size': 4, 'val_batch_size': 4, 'learning_rate': 0.004, 'LR_MILESTONES': [40, 60, 90], 'LR_GAMMA': 0.5, 'check_iter': 4000, 'max_epoch': 0, 'post_proc': {'threshold': 0.1, 'nms_kernel': 5, 'top_k': 100}, 'center_loss': 'MSE', 'offset_loss': 'L1', 'center_loss_weight': 100, 'offset_loss_weight': 10}}
epoch: 0   lr: 0.00400

{'dataset': {'name': 'SemanticKitti', 'version': None, 'path': '/home/data/SemanticKitti', 'rotate_aug': True, 'flip_aug': True, 'max_volume_space': [50, 3.1415926, 3], 'min_volume_space': [0, -3.1415926, -5], 'gt_generator': {'sigma': 5}, 'grid_size': [480, 360, 32], 'inst_aug': {'if_use': True, 'aug_type': 'contmix', 'inst_pkl_path': '/home/data/SemanticKitti/instance_path.pkl', 'inst_trans': True, 'inst_rotate': True, 'inst_flip': True, 'inst_add': True}, 'num_worker': 12, 'min_points': 15}, 'model': {'pix_fusion': True, 'pix_fusion_path': 'checkpoints/resnet18-5c106cde.pth', 'use_sara': True, 'use_att': False, 'use_cont': False, 'model_load_path': 'kitti_ckpts', 'model_save_path': 'kitti_ckpts', 'train_batch_size': 4, 'val_batch_size': 4, 'learning_rate': 0.004, 'LR_MILESTONES': [40, 60, 90], 'LR_GAMMA': 0.5, 'check_iter': 4000, 'max_epoch': 0, 'post_proc': {'threshold': 0.1, 'nms_kernel': 5, 'top_k': 100}, 'center_loss': 'MSE', 'offset_loss': 'L1', 'center_loss_weight': 100, 'offset_loss_weight': 10}}
epoch: 0   lr: 0.00400

{'dataset': {'name': 'SemanticKitti', 'version': None, 'path': '/home/data/SemanticKitti', 'rotate_aug': True, 'flip_aug': True, 'max_volume_space': [50, 3.1415926, 3], 'min_volume_space': [0, -3.1415926, -5], 'gt_generator': {'sigma': 5}, 'grid_size': [480, 360, 32], 'inst_aug': {'if_use': True, 'aug_type': 'contmix', 'inst_pkl_path': '/home/data/SemanticKitti/instance_path.pkl', 'inst_trans': True, 'inst_rotate': True, 'inst_flip': True, 'inst_add': True}, 'num_worker': 12, 'min_points': 15}, 'model': {'pix_fusion': True, 'pix_fusion_path': 'checkpoints/resnet18-5c106cde.pth', 'use_sara': True, 'use_att': False, 'use_cont': False, 'model_load_path': 'kitti_ckpts', 'model_save_path': 'kitti_ckpts', 'train_batch_size': 4, 'val_batch_size': 4, 'learning_rate': 0.004, 'LR_MILESTONES': [40, 60, 90], 'LR_GAMMA': 0.5, 'check_iter': 4000, 'max_epoch': 0, 'post_proc': {'threshold': 0.1, 'nms_kernel': 5, 'top_k': 100}, 'center_loss': 'MSE', 'offset_loss': 'L1', 'center_loss_weight': 100, 'offset_loss_weight': 10}}
epoch: 0   lr: 0.00400

{'dataset': {'name': 'SemanticKitti', 'version': None, 'path': '/home/data/SemanticKitti', 'rotate_aug': True, 'flip_aug': True, 'max_volume_space': [50, 3.1415926, 3], 'min_volume_space': [0, -3.1415926, -5], 'gt_generator': {'sigma': 5}, 'grid_size': [480, 360, 32], 'inst_aug': {'if_use': True, 'aug_type': 'contmix', 'inst_pkl_path': '/home/data/SemanticKitti/instance_path.pkl', 'inst_trans': True, 'inst_rotate': True, 'inst_flip': True, 'inst_add': True}, 'num_worker': 12, 'min_points': 15}, 'model': {'pix_fusion': True, 'pix_fusion_path': 'checkpoints/resnet18-5c106cde.pth', 'use_sara': True, 'use_att': False, 'use_cont': False, 'model_load_path': 'kitti_ckpts', 'model_save_path': 'kitti_ckpts', 'train_batch_size': 4, 'val_batch_size': 4, 'learning_rate': 0.004, 'LR_MILESTONES': [40, 60, 90], 'LR_GAMMA': 0.5, 'check_iter': 4000, 'max_epoch': 0, 'post_proc': {'threshold': 0.1, 'nms_kernel': 5, 'top_k': 100}, 'center_loss': 'MSE', 'offset_loss': 'L1', 'center_loss_weight': 100, 'offset_loss_weight': 10}}
epoch: 0   lr: 0.00400

Validation per class PQ, SQ, RQ, IoU, P, R (Cam): 
                 car :   0.00%    0.00%    0.00%    0.00%    0.00%    0.00%
             bicycle :   0.00%    0.00%    0.00%    0.00%    0.00%    0.00%
          motorcycle :   0.00%    0.00%    0.00%    0.00%    0.00%    0.00%
               truck :   0.00%    0.00%    0.00%    0.00%    0.00%    0.00%
                 bus :   0.00%    0.00%    0.00%    0.00%    0.00%    0.00%
              person :   0.00%    0.00%    0.00%    0.00%    0.00%    0.00%
           bicyclist :   0.00%    0.00%    0.00%    0.00%    0.00%    0.00%
        motorcyclist :   0.00%    0.00%    0.00%    0.00%    0.00%    0.00%
                road :  14.26%   67.34%   21.18%   25.51%   22.36%   20.11%
             parking :   0.00%    0.00%    0.00%    0.45%    0.00%    0.00%
            sidewalk :   3.28%   60.30%    5.45%   20.08%    5.31%    5.59%
        other-ground :   0.00%    0.00%    0.00%    0.24%    0.00%    0.00%
            building :   1.47%   59.59%    2.46%   19.03%    2.28%    2.67%
               fence :   1.82%   62.58%    2.92%   12.50%    2.28%    4.04%
          vegetation :   0.00%    0.00%    0.00%    1.29%    0.00%    0.00%
               trunk :   0.00%    0.00%    0.00%    0.00%    0.00%    0.00%
             terrain :   0.00%    0.00%    0.00%    0.09%    0.00%    0.00%
                pole :  14.27%   74.04%   19.27%   18.11%   29.44%   14.32%
        traffic-sign :   6.46%   82.04%    7.88%    4.09%    5.37%   14.77%
PQ 2.2  PQ_dagger  21.4  SQ 21.4  RQ 3.1  |  PQ_th 0.0  SQ_th 0.0  RQ_th 0.0  |  PQ_st 3.8  SQ_st 36.9  RQ_st 5.4  |  mIoU 5.3
Current val PQ is 2.2 while the best val PQ is 2.2
Current val miou is 5.3
Validation per class PQ, SQ, RQ, IoU, P, R (None): 
                 car :   0.00%    0.00%    0.00%    0.00%    0.00%    0.00%
             bicycle :   0.00%    0.00%    0.00%    0.00%    0.00%    0.00%
          motorcycle :   0.00%    0.00%    0.00%    0.00%    0.00%    0.00%
               truck :   0.00%    0.00%    0.00%    0.00%    0.00%    0.00%
                 bus :   0.00%    0.00%    0.00%    0.02%    0.00%    0.00%
              person :   0.00%    0.00%    0.00%    0.00%    0.00%    0.00%
           bicyclist :   0.00%    0.00%    0.00%    0.00%    0.00%    0.00%
        motorcyclist :   0.00%    0.00%    0.00%    0.00%    0.00%    0.00%
                road :   0.10%   51.75%    0.19%   14.64%    0.19%    0.19%
             parking :   0.00%    0.00%    0.00%    1.51%    0.00%    0.00%
            sidewalk :   2.51%   54.81%    4.57%   27.19%    4.55%    4.59%
        other-ground :   0.00%    0.00%    0.00%    0.20%    0.00%    0.00%
            building :   0.00%    0.00%    0.00%   15.52%    0.00%    0.00%
               fence :   0.81%   56.88%    1.42%   10.81%    1.33%    1.52%
          vegetation :   0.00%    0.00%    0.00%    1.70%    0.00%    0.00%
               trunk :   0.00%    0.00%    0.00%    0.00%    0.00%    0.00%
             terrain :   0.00%    0.00%    0.00%    0.06%    0.00%    0.00%
                pole :   9.63%   64.00%   15.05%   23.73%   15.24%   14.85%
        traffic-sign :   1.51%   65.23%    2.32%    7.61%    1.75%    3.44%
PQ 0.8  PQ_dagger  15.4  SQ 15.4  RQ 1.2  |  PQ_th 0.0  SQ_th 0.0  RQ_th 0.0  |  PQ_st 1.3  SQ_st 26.6  RQ_st 2.1  |  mIoU 5.4
Current val PQ is 0.8 while the best val PQ is 2.2
Current val miou is 5.4
Validation per class iou: 
car : 0.01%
bicycle : 0.00%
motorcycle : 0.00%
truck : 0.05%
bus : 0.74%
person : 0.00%
bicyclist : 0.00%
motorcyclist : 0.00%
road : 16.81%
parking : 1.45%
sidewalk : 26.48%
other-ground : 0.20%
building : 18.88%
fence : 11.26%
vegetation : 2.30%
trunk : 0.00%
terrain : 0.06%
pole : 26.46%
traffic-sign : 7.62%
Current val miou is 5.9
